<?xml version="1.0" encoding="UTF-8"?>
<!-- Generated by org.testng.reporters.JUnitXMLReporter -->
<testsuite ignored="0" hostname="Gowthams-MacBook-Air.local" failures="0" tests="5" name="User Test" time="8.429" errors="0" timestamp="2024-02-11T17:33:40 IST">
  <testcase classname="api.test.UserTests" name="userCreateTest" time="2.371"/>
  <testcase classname="api.test.UserTests" name="userGetTest" time="1.531"/>
  <testcase classname="api.test.UserTests" name="userUpdateTest" time="1.379"/>
  <testcase classname="api.test.UserTests" name="userGetUpdatedTest" time="1.55"/>
  <testcase classname="api.test.UserTests" name="userDeleteTest" time="1.428"/>
</testsuite> <!-- User Test -->
