<?xml version="1.0" encoding="UTF-8"?>
<!-- Generated by org.testng.reporters.JUnitXMLReporter -->
<testsuite ignored="0" hostname="Gowthams-MacBook-Air.local" failures="5" tests="5" name="Surefire test" time="12.123" errors="0" timestamp="2024-02-11T17:44:33 IST">
  <testcase classname="api.test.UserTests" name="userCreateTest" time="5.529">
    <failure type="java.lang.NullPointerException" message="Cannot invoke &amp;quot;com.aventstack.extentreports.ExtentTest.getStatus()&amp;quot; because &amp;quot;api.utilities.ExtentTestManager.test&amp;quot; is null">
      <![CDATA[java.lang.NullPointerException: Cannot invoke "com.aventstack.extentreports.ExtentTest.getStatus()" because "api.utilities.ExtentTestManager.test" is null
at api.utilities.ExtentTestManager.addJsonResponseToReport(ExtentTestManager.java:40)
at api.test.UserTests.userCreateTest(UserTests.java:37)
at java.base/java.util.ArrayList.forEach(ArrayList.java:1511)
... Removed 32 stack frames]]>
    </failure>
  </testcase> <!-- userCreateTest -->
  <testcase classname="api.test.UserTests" name="userGetTest" time="1.584">
    <failure type="java.lang.NullPointerException" message="Cannot invoke &amp;quot;com.aventstack.extentreports.ExtentTest.getStatus()&amp;quot; because &amp;quot;api.utilities.ExtentTestManager.test&amp;quot; is null">
      <![CDATA[java.lang.NullPointerException: Cannot invoke "com.aventstack.extentreports.ExtentTest.getStatus()" because "api.utilities.ExtentTestManager.test" is null
at api.utilities.ExtentTestManager.addJsonResponseToReport(ExtentTestManager.java:40)
at api.test.UserTests.userGetTest(UserTests.java:46)
at java.base/java.util.ArrayList.forEach(ArrayList.java:1511)
... Removed 32 stack frames]]>
    </failure>
  </testcase> <!-- userGetTest -->
  <testcase classname="api.test.UserTests" name="userUpdateTest" time="1.644">
    <failure type="java.lang.NullPointerException" message="Cannot invoke &amp;quot;com.aventstack.extentreports.ExtentTest.getStatus()&amp;quot; because &amp;quot;api.utilities.ExtentTestManager.test&amp;quot; is null">
      <![CDATA[java.lang.NullPointerException: Cannot invoke "com.aventstack.extentreports.ExtentTest.getStatus()" because "api.utilities.ExtentTestManager.test" is null
at api.utilities.ExtentTestManager.addJsonResponseToReport(ExtentTestManager.java:40)
at api.test.UserTests.userUpdateTest(UserTests.java:58)
at java.base/java.util.ArrayList.forEach(ArrayList.java:1511)
... Removed 32 stack frames]]>
    </failure>
  </testcase> <!-- userUpdateTest -->
  <testcase classname="api.test.UserTests" name="userGetUpdatedTest" time="1.707">
    <failure type="java.lang.NullPointerException" message="Cannot invoke &amp;quot;com.aventstack.extentreports.ExtentTest.getStatus()&amp;quot; because &amp;quot;api.utilities.ExtentTestManager.test&amp;quot; is null">
      <![CDATA[java.lang.NullPointerException: Cannot invoke "com.aventstack.extentreports.ExtentTest.getStatus()" because "api.utilities.ExtentTestManager.test" is null
at api.utilities.ExtentTestManager.addJsonResponseToReport(ExtentTestManager.java:40)
at api.test.UserTests.userGetUpdatedTest(UserTests.java:68)
at java.base/java.util.ArrayList.forEach(ArrayList.java:1511)
... Removed 32 stack frames]]>
    </failure>
  </testcase> <!-- userGetUpdatedTest -->
  <testcase classname="api.test.UserTests" name="userDeleteTest" time="1.545">
    <failure type="java.lang.NullPointerException" message="Cannot invoke &amp;quot;com.aventstack.extentreports.ExtentTest.getStatus()&amp;quot; because &amp;quot;api.utilities.ExtentTestManager.test&amp;quot; is null">
      <![CDATA[java.lang.NullPointerException: Cannot invoke "com.aventstack.extentreports.ExtentTest.getStatus()" because "api.utilities.ExtentTestManager.test" is null
at api.utilities.ExtentTestManager.addJsonResponseToReport(ExtentTestManager.java:40)
at api.test.UserTests.userDeleteTest(UserTests.java:77)
at java.base/java.util.ArrayList.forEach(ArrayList.java:1511)
... Removed 32 stack frames]]>
    </failure>
  </testcase> <!-- userDeleteTest -->
</testsuite> <!-- Surefire test -->
