<?xml version="1.0" encoding="UTF-8"?>
<!-- Generated by org.testng.reporters.JUnitXMLReporter -->
<testsuite ignored="0" hostname="Gowthams-MacBook-Air.local" failures="0" tests="5" name="Default test" time="9.943" errors="0" timestamp="2024-02-04T15:03:55 IST">
  <testcase classname="api.test.UserTests" name="userCreateTest" time="2.476"/>
  <testcase classname="api.test.UserTests" name="userGetTest" time="1.688"/>
  <testcase classname="api.test.UserTests" name="userUpdateTest" time="2.045"/>
  <testcase classname="api.test.UserTests" name="userGetUpdatedTest" time="1.852"/>
  <testcase classname="api.test.UserTests" name="userDeleteTest" time="1.727"/>
</testsuite> <!-- Default test -->
